SF:lib/calculator.dart
DA:4,2
DA:6,0
DA:8,0
DA:10,1
DA:11,1
DA:12,1
DA:14,0
DA:17,1
DA:18,3
DA:21,3
LF:10
LH:7
end_of_record
SF:lib/pi.dart
DA:7,0
DA:12,0
DA:15,0
DA:16,0
DA:18,0
DA:19,0
DA:20,0
DA:22,0
DA:24,0
DA:25,0
DA:28,0
LF:11
LH:0
end_of_record
SF:lib/two_digit_operation.dart
DA:10,1
DA:17,1
DA:18,1
DA:26,1
DA:28,2
DA:29,2
DA:30,1
DA:33,1
DA:35,1
DA:36,1
DA:37,1
DA:38,1
DA:41,1
DA:42,1
DA:45,1
DA:47,1
DA:48,3
DA:49,3
DA:51,3
DA:52,2
DA:56,1
DA:57,2
DA:64,1
DA:66,2
DA:67,1
DA:68,5
DA:70,1
DA:71,0
DA:73,1
DA:74,5
DA:77,1
DA:78,4
DA:81,0
DA:83,3
DA:85,4
LF:35
LH:33
end_of_record
SF:lib/main.dart
DA:6,0
DA:7,0
DA:11,2
DA:13,1
DA:15,1
DA:17,1
DA:26,1
DA:30,1
DA:31,1
DA:37,1
DA:39,2
DA:40,1
DA:43,1
DA:45,1
DA:46,1
DA:47,3
DA:49,1
DA:51,1
DA:52,0
LF:19
LH:16
end_of_record
